<?xml version="1.0" encoding="UTF-8"?>
<!-- Generated by org.testng.reporters.JUnitReportReporter -->
<testsuite skipped="0" hostname="IBM-Testing01" name="testNGPackage.DataProviderDemo" tests="2" failures="0" timestamp="08 Jan 2020 04:43:49 GMT" time="16.444" errors="0">
  <testcase name="f" time="3.912" classname="testNGPackage.DataProviderDemo"/>
  <testcase name="f" time="12.532" classname="testNGPackage.DataProviderDemo"/>
</testsuite> <!-- testNGPackage.DataProviderDemo -->
