<?xml version="1.0" encoding="UTF-8"?>
<!-- Generated by org.testng.reporters.JUnitReportReporter -->
<testsuite skipped="0" hostname="IBM-Testing01" name="TestGroup.TestGroup2" tests="3" failures="0" timestamp="08 Jan 2020 05:46:20 GMT" time="0.017" errors="0">
  <testcase name="test6" time="0.004" classname="TestGroup.TestGroup2"/>
  <testcase name="test5" time="0.008" classname="TestGroup.TestGroup2"/>
  <testcase name="test8" time="0.005" classname="TestGroup.TestGroup2"/>
</testsuite> <!-- TestGroup.TestGroup2 -->
