<?xml version="1.0" encoding="UTF-8"?>
<!-- Generated by org.testng.reporters.JUnitReportReporter -->
<testsuite skipped="0" hostname="IBM-Testing01" name="testNGPackage.DependsonMethodsDemo" tests="3" failures="0" timestamp="06 Jan 2020 11:13:58 GMT" time="0.024" errors="0">
  <testcase name="logoff" time="0.004" classname="testNGPackage.DependsonMethodsDemo"/>
  <testcase name="startapp" time="0.018" classname="testNGPackage.DependsonMethodsDemo"/>
  <testcase name="login" time="0.002" classname="testNGPackage.DependsonMethodsDemo"/>
</testsuite> <!-- testNGPackage.DependsonMethodsDemo -->
