<?xml version="1.0" encoding="UTF-8"?>
<!-- Generated by org.testng.reporters.JUnitReportReporter -->
<testsuite skipped="0" hostname="IBM-Testing01" name="testNGPackage.AlwaysRunDemo" tests="2" failures="0" timestamp="08 Jan 2020 03:34:31 GMT" time="17.908" errors="0">
  <testcase name="startapp" time="13.831" classname="testNGPackage.AlwaysRunDemo"/>
  <testcase name="checktitle" time="4.077" classname="testNGPackage.AlwaysRunDemo"/>
</testsuite> <!-- testNGPackage.AlwaysRunDemo -->
