<?xml version="1.0" encoding="UTF-8"?>
<!-- Generated by org.testng.reporters.JUnitReportReporter -->
<testsuite skipped="0" hostname="IBM-Testing01" name="Parallel.Parallel" tests="2" failures="0" timestamp="08 Jan 2020 09:24:45 GMT" time="39.630" errors="0">
  <testcase name="method" time="22.617" classname="Parallel.Parallel"/>
  <testcase name="method1" time="17.013" classname="Parallel.Parallel"/>
</testsuite> <!-- Parallel.Parallel -->
