<?xml version="1.0" encoding="UTF-8"?>
<!-- Generated by org.testng.reporters.JUnitReportReporter -->
<testsuite skipped="0" hostname="IBM-Testing01" name="TestGroup.TestGroup1" tests="1" failures="0" timestamp="08 Jan 2020 05:46:20 GMT" time="0.017" errors="0">
  <testcase name="test4" time="0.017" classname="TestGroup.TestGroup1"/>
</testsuite> <!-- TestGroup.TestGroup1 -->
