<?xml version="1.0" encoding="UTF-8"?>
<!-- Generated by org.testng.reporters.JUnitReportReporter -->
<testsuite skipped="0" hostname="IBM-Testing01" name="Parallel.Parallel2" tests="2" failures="0" timestamp="08 Jan 2020 10:10:32 GMT" time="23.637" errors="0">
  <testcase name="login" time="10.224" classname="Parallel.Parallel2"/>
  <testcase name="login" time="13.413" classname="Parallel.Parallel2"/>
</testsuite> <!-- Parallel.Parallel2 -->
