<?xml version="1.0" encoding="UTF-8"?>
<!-- Generated by org.testng.reporters.JUnitReportReporter -->
<testsuite skipped="0" hostname="IBM-Testing01" name="testNGPackage.PriorityDemo" tests="3" failures="0" timestamp="06 Jan 2020 11:09:58 GMT" time="0.024" errors="0">
  <testcase name="startapp" time="0.015" classname="testNGPackage.PriorityDemo"/>
  <testcase name="login" time="0.006" classname="testNGPackage.PriorityDemo"/>
  <testcase name="logoff" time="0.003" classname="testNGPackage.PriorityDemo"/>
</testsuite> <!-- testNGPackage.PriorityDemo -->
