<?xml version="1.0" encoding="UTF-8"?>
<!-- Generated by org.testng.reporters.JUnitReportReporter -->
<testsuite skipped="0" hostname="IBM-Testing01" name="ListernerDemoSuite.AlwaysRunDemo" tests="2" failures="0" timestamp="08 Jan 2020 06:47:11 GMT" time="21.018" errors="0">
  <testcase name="startapp" time="12.878" classname="ListernerDemoSuite.AlwaysRunDemo"/>
  <testcase name="checktitle" time="8.140" classname="ListernerDemoSuite.AlwaysRunDemo"/>
</testsuite> <!-- ListernerDemoSuite.AlwaysRunDemo -->
